\BOOKMARK [0][-]{section*.6}{\376\377\000P\000r\000e\000f\000a\000c\000i\000o}{}% 1
\BOOKMARK [0][-]{toc.0}{\376\377\000\315\000n\000d\000i\000c\000e}{}% 2
\BOOKMARK [0][-]{section*.8}{\376\377\000L\000i\000s\000t\000a\000\040\000d\000e\000\040\000f\000i\000g\000u\000r\000a\000s}{}% 3
\BOOKMARK [0][-]{section*.9}{\376\377\000L\000i\000s\000t\000a\000\040\000d\000e\000\040\000c\000u\000a\000d\000r\000o\000s}{}% 4
\BOOKMARK [0][-]{section*.10}{\376\377\000R\000e\000s\000u\000m\000e\000n}{}% 5
\BOOKMARK [0][-]{section*.11}{\376\377\000A\000b\000s\000t\000r\000a\000c\000t}{}% 6
\BOOKMARK [0][-]{chapter.12}{\376\377\000I\000n\000t\000r\000o\000d\000u\000c\000c\000i\000\363\000n}{}% 7
\BOOKMARK [0][-]{chapter.13}{\376\377\000A\000n\000t\000e\000c\000e\000d\000e\000n\000t\000e\000s}{}% 8
\BOOKMARK [0][-]{chapter.18}{\376\377\000J\000u\000s\000t\000i\000f\000i\000c\000a\000c\000i\000\363\000n}{}% 9
\BOOKMARK [0][-]{chapter.19}{\376\377\000O\000b\000j\000e\000t\000i\000v\000o\000s}{}% 10
\BOOKMARK [0][-]{chapter.22}{\376\377\000A\000l\000c\000a\000n\000c\000e}{}% 11
\BOOKMARK [0][-]{chapter.23}{\376\377\000M\000a\000r\000c\000o\000\040\000t\000e\000\363\000r\000i\000c\000o}{}% 12
\BOOKMARK [1][-]{section.24}{\376\377\000E\000p\000i\000l\000e\000p\000s\000i\000a}{chapter.23}% 13
\BOOKMARK [2][-]{subsection.25}{\376\377\000T\000i\000p\000o\000s\000\040\000d\000e\000\040\000e\000p\000i\000l\000e\000p\000s\000i\000a}{section.24}% 14
\BOOKMARK [1][-]{section.27}{\376\377\000S\000e\000\361\000a\000l\000e\000s\000\040\000b\000i\000o\000e\000l\000\351\000c\000t\000r\000i\000c\000a\000s}{chapter.23}% 15
\BOOKMARK [1][-]{section.28}{\376\377\000S\000e\000\361\000a\000l\000e\000s\000\040\000e\000l\000e\000c\000t\000r\000o\000e\000n\000c\000e\000f\000a\000l\000o\000g\000r\000\341\000f\000i\000c\000a\000s}{chapter.23}% 16
\BOOKMARK [2][-]{subsection.29}{\376\377\000R\000i\000t\000m\000o\000s\000\040\000y\000\040\000f\000o\000r\000m\000a\000s\000\040\000d\000e\000\040\000o\000n\000d\000a\000\040\000d\000e\000l\000\040\000E\000E\000G}{section.28}% 17
\BOOKMARK [2][-]{subsection.31}{\376\377\000P\000i\000c\000o\000s\000\040\000y\000\040\000o\000n\000d\000a\000s\000\040\000a\000g\000u\000d\000a\000s}{section.28}% 18
\BOOKMARK [2][-]{subsection.33}{\376\377\000C\000a\000r\000a\000c\000t\000e\000r\000\355\000s\000t\000i\000c\000a\000s\000\040\000d\000e\000\040\000u\000n\000a\000\040\000s\000e\000\361\000a\000l\000\040\000E\000E\000G}{section.28}% 19
\BOOKMARK [2][-]{subsection.34}{\376\377\000E\000E\000G\000\040\000i\000c\000t\000a\000l}{section.28}% 20
\BOOKMARK [2][-]{subsection.35}{\376\377\000P\000r\000o\000c\000e\000s\000a\000m\000i\000e\000n\000t\000o\000\040\000d\000e\000\040\000s\000e\000\361\000a\000l\000e\000s\000\040\000E\000E\000G}{section.28}% 21
\BOOKMARK [1][-]{section.36}{\376\377\000S\000e\000\361\000a\000l\000e\000s\000\040\000e\000l\000e\000c\000t\000r\000o\000m\000i\000o\000g\000r\000\341\000f\000i\000c\000a\000s}{chapter.23}% 22
\BOOKMARK [1][-]{section.37}{\376\377\000S\000e\000\361\000a\000l\000e\000s\000\040\000e\000l\000e\000c\000t\000r\000o\000c\000a\000r\000d\000i\000o\000g\000r\000\341\000f\000i\000c\000a\000s}{chapter.23}% 23
\BOOKMARK [1][-]{section.38}{\376\377\000C\000a\000r\000a\000c\000t\000e\000r\000\355\000s\000t\000i\000c\000a\000s\000\040\000e\000n\000\040\000e\000l\000\040\000d\000o\000m\000i\000n\000i\000o\000\040\000d\000e\000l\000\040\000t\000i\000e\000m\000p\000o}{chapter.23}% 24
\BOOKMARK [1][-]{section.39}{\376\377\000C\000a\000r\000a\000c\000t\000e\000r\000\355\000s\000t\000i\000c\000a\000s\000\040\000e\000n\000\040\000e\000l\000\040\000d\000o\000m\000i\000n\000i\000o\000\040\000d\000e\000\040\000f\000r\000e\000c\000u\000e\000n\000c\000i\000a}{chapter.23}% 25
\BOOKMARK [1][-]{section.40}{\376\377\000P\000r\000o\000p\000i\000e\000d\000a\000d\000e\000s\000\040\000d\000e\000\040\000l\000a\000s\000\040\000s\000e\000\361\000a\000l\000e\000s\000\040\000d\000e\000t\000e\000r\000m\000i\000n\000i\000s\000t\000a\000s\000\040\000y\000\040\000e\000s\000t\000o\000c\000\341\000s\000t\000i\000c\000a\000s}{chapter.23}% 26
\BOOKMARK [1][-]{section.41}{\376\377\000A\000p\000r\000e\000n\000d\000i\000z\000a\000j\000e\000\040\000a\000u\000t\000o\000m\000\341\000t\000i\000c\000o}{chapter.23}% 27
\BOOKMARK [2][-]{subsection.42}{\376\377\000A\000p\000r\000e\000n\000d\000i\000z\000a\000j\000e\000\040\000s\000u\000p\000e\000r\000v\000i\000s\000a\000d\000o}{section.41}% 28
\BOOKMARK [2][-]{subsection.43}{\376\377\000A\000p\000r\000e\000n\000d\000i\000z\000a\000j\000e\000\040\000n\000o\000\040\000s\000u\000p\000e\000r\000v\000i\000s\000a\000d\000o}{section.41}% 29
\BOOKMARK [2][-]{subsection.44}{\376\377\000A\000p\000r\000e\000n\000d\000i\000z\000a\000j\000e\000\040\000p\000o\000r\000\040\000r\000e\000f\000u\000e\000r\000z\000o}{section.41}% 30
\BOOKMARK [1][-]{section.45}{\376\377\000B\000I\000O\000P\000A\000C}{chapter.23}% 31
\BOOKMARK [0][-]{chapter.46}{\376\377\000M\000e\000t\000o\000d\000o\000l\000o\000g\000\355\000a}{}% 32
\BOOKMARK [1][-]{section.47}{\376\377\000D\000a\000t\000o\000s\000\040\000o\000b\000t\000e\000n\000i\000d\000o\000s\000\040\000c\000o\000n\000\040\000e\000q\000u\000i\000p\000o\000\040\000U\000V\000G}{chapter.46}% 33
\BOOKMARK [2][-]{subsection.48}{\376\377\000S\000e\000\361\000a\000l\000e\000s\000\040\000E\000M\000G}{section.47}% 34
\BOOKMARK [2][-]{subsection.53}{\376\377\000S\000e\000\361\000a\000l\000e\000s\000\040\000E\000E\000G}{section.47}% 35
\BOOKMARK [2][-]{subsection.54}{\376\377\000E\000s\000t\000\341\000n\000d\000a\000r\000\040\000e\000n\000\040\000r\000e\000c\000o\000l\000e\000c\000c\000i\000\363\000n\000\040\000d\000e\000\040\000d\000a\000t\000o\000s\000\040\000B\000I\000O\000P\000A\000C}{section.47}% 36
\BOOKMARK [2][-]{subsection.57}{\376\377\000E\000s\000t\000r\000u\000c\000t\000u\000r\000a\000c\000i\000\363\000n\000\040\000d\000e\000\040\000l\000o\000s\000\040\000d\000a\000t\000o\000s\000\040\000p\000a\000r\000a\000\040\000s\000e\000r\000\040\000u\000s\000a\000d\000o\000s\000\040\000e\000n\000\040\000l\000a\000\040\000h\000e\000r\000r\000a\000m\000i\000e\000n\000t\000a\000\040\000d\000e\000\040\000s\000o\000f\000t\000w\000a\000r\000e\000\040\000p\000a\000r\000a\000\040\000e\000l\000\040\000e\000s\000t\000u\000d\000i\000o\000\040\000d\000e\000\040\000l\000a\000\040\000e\000p\000i\000l\000e\000p\000s\000i\000a}{section.47}% 37
\BOOKMARK [1][-]{section.59}{\376\377\000D\000a\000t\000o\000s\000\040\000d\000e\000\040\000H\000U\000M\000A\000N\000A\000\040\000d\000e\000\040\000p\000a\000c\000i\000e\000n\000t\000e\000s\000\040\000c\000o\000n\000\040\000e\000p\000i\000l\000e\000p\000s\000i\000a\000\040}{chapter.46}% 38
\BOOKMARK [1][-]{section.61}{\376\377\000A\000g\000r\000u\000p\000a\000m\000i\000e\000n\000t\000o\000\040\000d\000e\000\040\000d\000a\000t\000o\000s}{chapter.46}% 39
\BOOKMARK [2][-]{subsection.62}{\376\377\000A\000n\000\341\000l\000i\000s\000i\000s\000\040\000d\000e\000\040\000s\000e\000\361\000a\000l\000e\000s\000\040\000E\000E\000G\000\040\000d\000e\000\040\000f\000o\000r\000m\000a\000\040\000i\000n\000t\000e\000r\000s\000u\000j\000e\000t\000o}{section.61}% 40
\BOOKMARK [2][-]{subsection.63}{\376\377\000A\000n\000\341\000l\000i\000s\000i\000s\000\040\000d\000e\000\040\000s\000e\000\361\000a\000l\000e\000s\000\040\000E\000M\000G\000\040\000d\000e\000\040\000f\000o\000r\000m\000a\000\040\000i\000n\000t\000r\000a\000s\000u\000j\000e\000t\000o}{section.61}% 41
\BOOKMARK [1][-]{section.64}{\376\377\000A\000p\000r\000e\000n\000d\000i\000z\000a\000j\000e\000\040\000a\000u\000t\000o\000m\000\341\000t\000i\000c\000o}{chapter.46}% 42
\BOOKMARK [2][-]{subsection.65}{\376\377\000E\000x\000t\000r\000a\000c\000c\000i\000\363\000n\000\040\000d\000e\000\040\000c\000a\000r\000a\000c\000t\000e\000r\000\355\000s\000t\000i\000c\000a\000s}{section.64}% 43
\BOOKMARK [2][-]{subsection.66}{\376\377\000A\000n\000o\000t\000a\000c\000i\000o\000n\000e\000s\000\040\000a\000u\000t\000o\000m\000\341\000t\000i\000c\000a\000s}{section.64}% 44
\BOOKMARK [2][-]{subsection.68}{\376\377\000A\000n\000\341\000l\000i\000s\000i\000s\000\040\000e\000s\000t\000a\000d\000\355\000s\000t\000i\000c\000o}{section.64}% 45
\BOOKMARK [1][-]{section.69}{\376\377\000A\000c\000t\000u\000a\000l\000i\000z\000a\000c\000i\000\363\000n\000\040\000d\000e\000\040\000l\000a\000\040\000h\000e\000r\000r\000a\000m\000i\000e\000n\000t\000a\000\040\000d\000e\000\040\000s\000o\000f\000t\000w\000a\000r\000e\000\040\000p\000a\000r\000a\000\040\000e\000l\000\040\000e\000s\000t\000u\000d\000i\000o\000\040\000d\000e\000\040\000l\000a\000\040\000e\000p\000i\000l\000e\000p\000s\000i\000a}{chapter.46}% 46
\BOOKMARK [0][-]{chapter.79}{\376\377\000R\000e\000s\000u\000l\000t\000a\000d\000o\000s\000\040\000d\000e\000\040\000r\000e\000c\000o\000l\000e\000c\000c\000i\000\363\000n\000\040\000d\000e\000\040\000d\000a\000t\000o\000s}{}% 47
\BOOKMARK [1][-]{section.80}{\376\377\000S\000e\000\361\000a\000l\000e\000s\000\040\000B\000i\000o\000e\000l\000\351\000c\000t\000r\000i\000c\000a\000s\000\040\000o\000b\000t\000e\000n\000i\000d\000a\000s\000\040\000c\000o\000n\000\040\000e\000l\000\040\000e\000q\000u\000i\000p\000o\000\040\000d\000e\000\040\000U\000V\000G}{chapter.79}% 48
\BOOKMARK [2][-]{subsection.83}{\376\377\000R\000e\000s\000u\000l\000t\000a\000d\000o\000s\000\040\000d\000e\000\040\000l\000a\000\040\000E\000x\000t\000r\000a\000c\000c\000i\000\363\000n\000\040\000d\000e\000\040\000C\000a\000r\000a\000c\000t\000e\000r\000\355\000s\000t\000i\000c\000a\000s}{section.80}% 49
\BOOKMARK [1][-]{section.89}{\376\377\000A\000n\000o\000t\000a\000c\000i\000o\000n\000e\000s\000\040\000a\000u\000t\000o\000m\000\341\000t\000i\000c\000a\000s}{chapter.79}% 50
\BOOKMARK [0][-]{chapter.94}{\376\377\000R\000e\000s\000u\000l\000t\000a\000d\000o\000s\000\040\000e\000s\000t\000a\000d\000\355\000s\000t\000i\000c\000o\000s}{}% 51
\BOOKMARK [1][-]{section.95}{\376\377\000C\000l\000a\000s\000i\000f\000i\000c\000a\000d\000o\000r\000e\000s}{chapter.94}% 52
\BOOKMARK [1][-]{section.102}{\376\377\000A\000l\000g\000o\000r\000i\000t\000m\000o\000s\000\040\000d\000e\000\040\000a\000g\000r\000u\000p\000a\000m\000i\000e\000n\000t\000o}{chapter.94}% 53
\BOOKMARK [0][-]{chapter.104}{\376\377\000A\000n\000\341\000l\000i\000s\000i\000s\000\040\000d\000e\000\040\000g\000r\000u\000p\000o\000s}{}% 54
\BOOKMARK [1][-]{section.105}{\376\377\000A\000n\000\341\000l\000i\000s\000i\000s\000\040\000d\000e\000\040\000G\000r\000u\000p\000o\000s\000\040\000e\000n\000\040\000e\000l\000\040\000D\000o\000m\000i\000n\000i\000o\000\040\000d\000e\000\040\000T\000i\000e\000m\000p\000o}{chapter.104}% 55
\BOOKMARK [1][-]{section.117}{\376\377\000A\000n\000\341\000l\000i\000s\000i\000s\000\040\000d\000e\000\040\000G\000r\000u\000p\000o\000s\000\040\000e\000n\000\040\000e\000l\000\040\000D\000o\000m\000i\000n\000i\000o\000\040\000d\000e\000\040\000F\000r\000e\000c\000u\000e\000n\000c\000i\000a}{chapter.104}% 56
\BOOKMARK [1][-]{section.139}{\376\377\000A\000n\000\341\000l\000i\000s\000i\000s\000\040\000d\000e\000\040\000G\000r\000u\000p\000o\000s\000\040\000e\000n\000\040\000e\000l\000\040\000D\000o\000m\000i\000n\000i\000o\000\040\000d\000e\000\040\000W\000a\000v\000e\000l\000e\000t\000s}{chapter.104}% 57
\BOOKMARK [0][-]{chapter.161}{\376\377\000A\000c\000t\000u\000a\000l\000i\000z\000a\000c\000i\000\363\000n\000\040\000d\000e\000\040\000l\000a\000\040\000h\000e\000r\000r\000a\000m\000i\000e\000n\000t\000a\000\040\000d\000e\000\040\000s\000o\000f\000t\000w\000a\000r\000e\000\040\000p\000a\000r\000a\000\040\000e\000l\000\040\000e\000s\000t\000u\000d\000i\000o\000\040\000d\000e\000\040\000l\000a\000\040\000e\000p\000i\000l\000e\000p\000s\000i\000a}{}% 58
\BOOKMARK [1][-]{section.162}{\376\377\000H\000e\000r\000r\000a\000m\000i\000e\000n\000t\000a\000\040\000p\000a\000r\000a\000\040\000l\000a\000\040\000e\000v\000a\000l\000u\000a\000c\000i\000\363\000n\000\040\000v\000i\000s\000u\000a\000l\000\040\000d\000e\000\040\000l\000a\000\040\000t\000e\000n\000d\000e\000n\000c\000i\000a}{chapter.161}% 59
\BOOKMARK [0][-]{chapter.167}{\376\377\000C\000o\000n\000c\000l\000u\000s\000i\000o\000n\000e\000s}{}% 60
\BOOKMARK [0][-]{chapter.168}{\376\377\000R\000e\000c\000o\000m\000e\000n\000d\000a\000c\000i\000o\000n\000e\000s}{}% 61
\BOOKMARK [0][-]{chapter.170}{\376\377\000B\000i\000b\000l\000i\000o\000g\000r\000a\000f\000\355\000a}{}% 62
